0 info it worked if it ends with ok
1 verbose cli [ 'C:\\Program Files\\nodejs\\\\node.exe',
1 verbose cli   'C:\\Program Files\\nodejs\\node_modules\\npm\\bin\\npm-cli.js',
1 verbose cli   'install',
1 verbose cli   '-g',
1 verbose cli   'phantomjs-node' ]
2 info using npm@1.4.28
3 info using node@v0.10.32
4 verbose node symlink C:\Program Files\nodejs\\node.exe
5 verbose cache add [ 'phantomjs-node', null ]
6 verbose cache add name=undefined spec="phantomjs-node" args=["phantomjs-node",null]
7 verbose parsed url { protocol: null,
7 verbose parsed url   slashes: null,
7 verbose parsed url   auth: null,
7 verbose parsed url   host: null,
7 verbose parsed url   port: null,
7 verbose parsed url   hostname: null,
7 verbose parsed url   hash: null,
7 verbose parsed url   search: null,
7 verbose parsed url   query: null,
7 verbose parsed url   pathname: 'phantomjs-node',
7 verbose parsed url   path: 'phantomjs-node',
7 verbose parsed url   href: 'phantomjs-node' }
8 silly lockFile 88577dac-phantomjs-node phantomjs-node
9 verbose lock phantomjs-node C:\Users\Agam Masalia\AppData\Roaming\npm-cache\88577dac-phantomjs-node.lock
10 silly lockFile 88577dac-phantomjs-node phantomjs-node
11 silly lockFile 88577dac-phantomjs-node phantomjs-node
12 verbose addNamed [ 'phantomjs-node', '' ]
13 verbose addNamed [ null, '*' ]
14 silly lockFile df618dc5-phantomjs-node phantomjs-node@
15 verbose lock phantomjs-node@ C:\Users\Agam Masalia\AppData\Roaming\npm-cache\df618dc5-phantomjs-node.lock
16 silly addNameRange { name: 'phantomjs-node', range: '*', hasData: false }
17 verbose request where is /phantomjs-node
18 verbose request registry https://registry.npmjs.org/
19 verbose request id 3f8a5fe61be95b60
20 verbose url raw /phantomjs-node
21 verbose url resolving [ 'https://registry.npmjs.org/', './phantomjs-node' ]
22 verbose url resolved https://registry.npmjs.org/phantomjs-node
23 verbose request where is https://registry.npmjs.org/phantomjs-node
24 info trying registry request attempt 1 at 02:16:14
25 http GET https://registry.npmjs.org/phantomjs-node
26 http 404 https://registry.npmjs.org/phantomjs-node
27 verbose headers { date: 'Wed, 10 Dec 2014 10:15:53 GMT',
27 verbose headers   server: 'CouchDB/1.5.0 (Erlang OTP/R16B03)',
27 verbose headers   'content-type': 'application/json',
27 verbose headers   'cache-control': 'max-age=0',
27 verbose headers   'content-length': '52',
27 verbose headers   'accept-ranges': 'bytes',
27 verbose headers   via: '1.1 varnish',
27 verbose headers   age: '0',
27 verbose headers   'x-served-by': 'cache-lax1435-LAX',
27 verbose headers   'x-cache': 'MISS',
27 verbose headers   'x-cache-hits': '0',
27 verbose headers   'x-timer': 'S1418206553.237083,VS0,VE59',
27 verbose headers   'keep-alive': 'timeout=10, max=50',
27 verbose headers   connection: 'Keep-Alive' }
28 silly registry.get cb [ 404,
28 silly registry.get   { date: 'Wed, 10 Dec 2014 10:15:53 GMT',
28 silly registry.get     server: 'CouchDB/1.5.0 (Erlang OTP/R16B03)',
28 silly registry.get     'content-type': 'application/json',
28 silly registry.get     'cache-control': 'max-age=0',
28 silly registry.get     'content-length': '52',
28 silly registry.get     'accept-ranges': 'bytes',
28 silly registry.get     via: '1.1 varnish',
28 silly registry.get     age: '0',
28 silly registry.get     'x-served-by': 'cache-lax1435-LAX',
28 silly registry.get     'x-cache': 'MISS',
28 silly registry.get     'x-cache-hits': '0',
28 silly registry.get     'x-timer': 'S1418206553.237083,VS0,VE59',
28 silly registry.get     'keep-alive': 'timeout=10, max=50',
28 silly registry.get     connection: 'Keep-Alive' } ]
29 silly lockFile df618dc5-phantomjs-node phantomjs-node@
30 silly lockFile df618dc5-phantomjs-node phantomjs-node@
31 error 404 404 Not Found: phantomjs-node
31 error 404
31 error 404 'phantomjs-node' is not in the npm registry.
31 error 404 You should bug the author to publish it
31 error 404
31 error 404 Note that you can also install from a
31 error 404 tarball, folder, or http url, or git url.
32 error System Windows_NT 6.2.9200
33 error command "C:\\Program Files\\nodejs\\\\node.exe" "C:\\Program Files\\nodejs\\node_modules\\npm\\bin\\npm-cli.js" "install" "-g" "phantomjs-node"
34 error cwd C:\Users\Agam Masalia\Desktop\HomecookFamous
35 error node -v v0.10.32
36 error npm -v 1.4.28
37 error code E404
38 verbose exit [ 1, true ]
